# JRE version: Java(TM) SE Runtime Environment (8.0_45-b15) (build 1.8.0_45-b15)
# Java VM: Java HotSpot(TM) 64-Bit Server VM (25.45-b02 mixed mode windows-amd64 compressed oops)
Heap:
 PSYoungGen      total 272384K, used 259738K [0x00000000e0000000, 0x00000000f6380000, 0x0000000100000000)
  eden space 244736K, 100% used [0x00000000e0000000,0x00000000eef00000,0x00000000eef00000)
  from space 27648K, 54% used [0x00000000f0980000,0x00000000f18268b0,0x00000000f2480000)
  to   space 27136K, 43% used [0x00000000eef00000,0x00000000efa79f98,0x00000000f0980000)
 ParOldGen       total 87040K, used 49818K [0x00000000a0000000, 0x00000000a5500000, 0x00000000e0000000)
  object space 87040K, 57% used [0x00000000a0000000,0x00000000a30a6998,0x00000000a5500000)
 Metaspace       used 57620K, capacity 60392K, committed 60672K, reserved 1101824K
  class space    used 7829K, capacity 8413K, committed 8448K, reserved 1048576K
GC Heap History (10 events):
Event: 51.342 GC heap after
Heap after GC invocations=9 (full 2):
 PSYoungGen      total 174592K, used 11316K [0x00000000e0000000, 0x00000000f0f00000, 0x0000000100000000)
  eden space 161792K, 0% used [0x00000000e0000000,0x00000000e0000000,0x00000000e9e00000)
  from space 12800K, 88% used [0x00000000e9e00000,0x00000000ea90d0f8,0x00000000eaa80000)
  to   space 13824K, 0% used [0x00000000f0180000,0x00000000f0180000,0x00000000f0f00000)
 ParOldGen       total 87040K, used 17752K [0x00000000a0000000, 0x00000000a5500000, 0x00000000e0000000)
  object space 87040K, 20% used [0x00000000a0000000,0x00000000a1156230,0x00000000a5500000)
 Metaspace       used 41950K, capacity 42912K, committed 43136K, reserved 1087488K
  class space    used 5716K, capacity 5962K, committed 6016K, reserved 1048576K
}
Event: 56.273 GC heap before
{Heap before GC invocations=10 (full 2):
 PSYoungGen      total 174592K, used 173108K [0x00000000e0000000, 0x00000000f0f00000, 0x0000000100000000)
  eden space 161792K, 100% used [0x00000000e0000000,0x00000000e9e00000,0x00000000e9e00000)
  from space 12800K, 88% used [0x00000000e9e00000,0x00000000ea90d0f8,0x00000000eaa80000)
  to   space 13824K, 0% used [0x00000000f0180000,0x00000000f0180000,0x00000000f0f00000)
 ParOldGen       total 87040K, used 17752K [0x00000000a0000000, 0x00000000a5500000, 0x00000000e0000000)
  object space 87040K, 20% used [0x00000000a0000000,0x00000000a1156230,0x00000000a5500000)
 Metaspace       used 48394K, capacity 49956K, committed 50048K, reserved 1091584K
  class space    used 6618K, capacity 6984K, committed 7040K, reserved 1048576K
Event: 56.301 GC heap after
Heap after GC invocations=10 (full 2):
 PSYoungGen      total 258048K, used 13809K [0x00000000e0000000, 0x00000000f1180000, 0x0000000100000000)
  eden space 244224K, 0% used [0x00000000e0000000,0x00000000e0000000,0x00000000eee80000)
  from space 13824K, 99% used [0x00000000f0180000,0x00000000f0efc558,0x00000000f0f00000)
  to   space 17920K, 0% used [0x00000000eee80000,0x00000000eee80000,0x00000000f0000000)
 ParOldGen       total 87040K, used 23176K [0x00000000a0000000, 0x00000000a5500000, 0x00000000e0000000)
  object space 87040K, 26% used [0x00000000a0000000,0x00000000a16a22b8,0x00000000a5500000)
 Metaspace       used 48394K, capacity 49956K, committed 50048K, reserved 1091584K
  class space    used 6618K, capacity 6984K, committed 7040K, reserved 1048576K
}
Event: 60.072 GC heap before
{Heap before GC invocations=11 (full 2):
 PSYoungGen      total 258048K, used 221902K [0x00000000e0000000, 0x00000000f1180000, 0x0000000100000000)
  eden space 244224K, 85% used [0x00000000e0000000,0x00000000ecb37320,0x00000000eee80000)
  from space 13824K, 99% used [0x00000000f0180000,0x00000000f0efc558,0x00000000f0f00000)
  to   space 17920K, 0% used [0x00000000eee80000,0x00000000eee80000,0x00000000f0000000)
 ParOldGen       total 87040K, used 23176K [0x00000000a0000000, 0x00000000a5500000, 0x00000000e0000000)
  object space 87040K, 26% used [0x00000000a0000000,0x00000000a16a22b8,0x00000000a5500000)
 Metaspace       used 54451K, capacity 56602K, committed 56704K, reserved 1097728K
  class space    used 7513K, capacity 8034K, committed 8064K, reserved 1048576K
Event: 60.127 GC heap after
Heap after GC invocations=11 (full 2):
 PSYoungGen      total 262144K, used 17910K [0x00000000e0000000, 0x00000000f2480000, 0x0000000100000000)
  eden space 244224K, 0% used [0x00000000e0000000,0x00000000e0000000,0x00000000eee80000)
  from space 17920K, 99% used [0x00000000eee80000,0x00000000efffdbe8,0x00000000f0000000)
  to   space 27648K, 0% used [0x00000000f0980000,0x00000000f0980000,0x00000000f2480000)
 ParOldGen       total 87040K, used 41536K [0x00000000a0000000, 0x00000000a5500000, 0x00000000e0000000)
  object space 87040K, 47% used [0x00000000a0000000,0x00000000a2890308,0x00000000a5500000)
 Metaspace       used 54451K, capacity 56602K, committed 56704K, reserved 1097728K
  class space    used 7513K, capacity 8034K, committed 8064K, reserved 1048576K
}
Event: 60.127 GC heap before
{Heap before GC invocations=12 (full 3):
 PSYoungGen      total 262144K, used 17910K [0x00000000e0000000, 0x00000000f2480000, 0x0000000100000000)
  eden space 244224K, 0% used [0x00000000e0000000,0x00000000e0000000,0x00000000eee80000)
  from space 17920K, 99% used [0x00000000eee80000,0x00000000efffdbe8,0x00000000f0000000)
  to   space 27648K, 0% used [0x00000000f0980000,0x00000000f0980000,0x00000000f2480000)
 ParOldGen       total 87040K, used 41536K [0x00000000a0000000, 0x00000000a5500000, 0x00000000e0000000)
  object space 87040K, 47% used [0x00000000a0000000,0x00000000a2890308,0x00000000a5500000)
 Metaspace       used 54451K, capacity 56602K, committed 56704K, reserved 1097728K
  class space    used 7513K, capacity 8034K, committed 8064K, reserved 1048576K
Event: 60.807 GC heap after
Heap after GC invocations=12 (full 3):
 PSYoungGen      total 262144K, used 0K [0x00000000e0000000, 0x00000000f2480000, 0x0000000100000000)
  eden space 244224K, 0% used [0x00000000e0000000,0x00000000e0000000,0x00000000eee80000)
  from space 17920K, 0% used [0x00000000eee80000,0x00000000eee80000,0x00000000f0000000)
  to   space 27648K, 0% used [0x00000000f0980000,0x00000000f0980000,0x00000000f2480000)
 ParOldGen       total 87040K, used 49802K [0x00000000a0000000, 0x00000000a5500000, 0x00000000e0000000)
  object space 87040K, 57% used [0x00000000a0000000,0x00000000a30a2998,0x00000000a5500000)
 Metaspace       used 54451K, capacity 56602K, committed 56704K, reserved 1097728K
  class space    used 7513K, capacity 8034K, committed 8064K, reserved 1048576K
}
Event: 89.260 GC heap before
{Heap before GC invocations=13 (full 3):
 PSYoungGen      total 262144K, used 244224K [0x00000000e0000000, 0x00000000f2480000, 0x0000000100000000)
  eden space 244224K, 100% used [0x00000000e0000000,0x00000000eee80000,0x00000000eee80000)
  from space 17920K, 0% used [0x00000000eee80000,0x00000000eee80000,0x00000000f0000000)
  to   space 27648K, 0% used [0x00000000f0980000,0x00000000f0980000,0x00000000f2480000)
 ParOldGen       total 87040K, used 49802K [0x00000000a0000000, 0x00000000a5500000, 0x00000000e0000000)
  object space 87040K, 57% used [0x00000000a0000000,0x00000000a30a2998,0x00000000a5500000)
 Metaspace       used 56418K, capacity 58822K, committed 59008K, reserved 1099776K
  class space    used 7668K, capacity 8236K, committed 8320K, reserved 1048576K
Event: 89.296 GC heap after
Heap after GC invocations=13 (full 3):
 PSYoungGen      total 272384K, used 15002K [0x00000000e0000000, 0x00000000f6380000, 0x0000000100000000)
  eden space 244736K, 0% used [0x00000000e0000000,0x00000000e0000000,0x00000000eef00000)
  from space 27648K, 54% used [0x00000000f0980000,0x00000000f18268b0,0x00000000f2480000)
  to   space 27136K, 0% used [0x00000000eef00000,0x00000000eef00000,0x00000000f0980000)
 ParOldGen       total 87040K, used 49810K [0x00000000a0000000, 0x00000000a5500000, 0x00000000e0000000)
  object space 87040K, 57% used [0x00000000a0000000,0x00000000a30a4998,0x00000000a5500000)
 Metaspace       used 56418K, capacity 58822K, committed 59008K, reserved 1099776K
  class space    used 7668K, capacity 8236K, committed 8320K, reserved 1048576K
}
Event: 541.226 GC heap before
{Heap before GC invocations=14 (full 3):
 PSYoungGen      total 272384K, used 259738K [0x00000000e0000000, 0x00000000f6380000, 0x0000000100000000)
  eden space 244736K, 100% used [0x00000000e0000000,0x00000000eef00000,0x00000000eef00000)
  from space 27648K, 54% used [0x00000000f0980000,0x00000000f18268b0,0x00000000f2480000)
  to   space 27136K, 0% used [0x00000000eef00000,0x00000000eef00000,0x00000000f0980000)
 ParOldGen       total 87040K, used 49810K [0x00000000a0000000, 0x00000000a5500000, 0x00000000e0000000)
  object space 87040K, 57% used [0x00000000a0000000,0x00000000a30a4998,0x00000000a5500000)
 Metaspace       used 57620K, capacity 60392K, committed 60672K, reserved 1101824K
  class space    used 7829K, capacity 8413K, committed 8448K, reserved 1048576K

